Performing C SOURCE FILE Test CMAKE_HAVE_LIBC_PTHREAD failed with the following output:
Change Dir: /home/chrisliu/桌面/Notes/Vrep/V-Rep_Steeringwheel_tutorial/vrep_ws/src/vrep_pkg/cmake-build-debug/CMakeFiles/CMakeTmp

Run Build Command(s):/usr/bin/make cmTC_3c2b7/fast && /usr/bin/make -f CMakeFiles/cmTC_3c2b7.dir/build.make CMakeFiles/cmTC_3c2b7.dir/build
make[1]: Entering directory '/home/chrisliu/桌面/Notes/Vrep/V-Rep_Steeringwheel_tutorial/vrep_ws/src/vrep_pkg/cmake-build-debug/CMakeFiles/CMakeTmp'
Building C object CMakeFiles/cmTC_3c2b7.dir/src.c.o
/usr/bin/cc   -DCMAKE_HAVE_LIBC_PTHREAD   -o CMakeFiles/cmTC_3c2b7.dir/src.c.o   -c /home/chrisliu/桌面/Notes/Vrep/V-Rep_Steeringwheel_tutorial/vrep_ws/src/vrep_pkg/cmake-build-debug/CMakeFiles/CMakeTmp/src.c
Linking C executable cmTC_3c2b7
/home/chrisliu/software/clion-2019.2.1/bin/cmake/linux/bin/cmake -E cmake_link_script CMakeFiles/cmTC_3c2b7.dir/link.txt --verbose=1
/usr/bin/cc  -DCMAKE_HAVE_LIBC_PTHREAD    -rdynamic CMakeFiles/cmTC_3c2b7.dir/src.c.o  -o cmTC_3c2b7 
CMakeFiles/cmTC_3c2b7.dir/src.c.o：在函数‘main’中：
src.c:(.text+0x3c)：对‘pthread_create’未定义的引用
src.c:(.text+0x48)：对‘pthread_detach’未定义的引用
src.c:(.text+0x59)：对‘pthread_join’未定义的引用
src.c:(.text+0x6d)：对‘pthread_atfork’未定义的引用
collect2: error: ld returned 1 exit status
CMakeFiles/cmTC_3c2b7.dir/build.make:86: recipe for target 'cmTC_3c2b7' failed
make[1]: *** [cmTC_3c2b7] Error 1
make[1]: Leaving directory '/home/chrisliu/桌面/Notes/Vrep/V-Rep_Steeringwheel_tutorial/vrep_ws/src/vrep_pkg/cmake-build-debug/CMakeFiles/CMakeTmp'
Makefile:121: recipe for target 'cmTC_3c2b7/fast' failed
make: *** [cmTC_3c2b7/fast] Error 2


Source file was:
#include <pthread.h>

void* test_func(void* data)
{
  return data;
}

int main(void)
{
  pthread_t thread;
  pthread_create(&thread, NULL, test_func, NULL);
  pthread_detach(thread);
  pthread_join(thread, NULL);
  pthread_atfork(NULL, NULL, NULL);
  pthread_exit(NULL);

  return 0;
}

Determining if the function pthread_create exists in the pthreads failed with the following output:
Change Dir: /home/chrisliu/桌面/Notes/Vrep/V-Rep_Steeringwheel_tutorial/vrep_ws/src/vrep_pkg/cmake-build-debug/CMakeFiles/CMakeTmp

Run Build Command(s):/usr/bin/make cmTC_a746a/fast && /usr/bin/make -f CMakeFiles/cmTC_a746a.dir/build.make CMakeFiles/cmTC_a746a.dir/build
make[1]: Entering directory '/home/chrisliu/桌面/Notes/Vrep/V-Rep_Steeringwheel_tutorial/vrep_ws/src/vrep_pkg/cmake-build-debug/CMakeFiles/CMakeTmp'
Building C object CMakeFiles/cmTC_a746a.dir/CheckFunctionExists.c.o
/usr/bin/cc   -DCHECK_FUNCTION_EXISTS=pthread_create   -o CMakeFiles/cmTC_a746a.dir/CheckFunctionExists.c.o   -c /home/chrisliu/software/clion-2019.2.1/bin/cmake/linux/share/cmake-3.15/Modules/CheckFunctionExists.c
Linking C executable cmTC_a746a
/home/chrisliu/software/clion-2019.2.1/bin/cmake/linux/bin/cmake -E cmake_link_script CMakeFiles/cmTC_a746a.dir/link.txt --verbose=1
/usr/bin/cc  -DCHECK_FUNCTION_EXISTS=pthread_create    -rdynamic CMakeFiles/cmTC_a746a.dir/CheckFunctionExists.c.o  -o cmTC_a746a -lpthreads 
/usr/bin/ld: 找不到 -lpthreads
collect2: error: ld returned 1 exit status
CMakeFiles/cmTC_a746a.dir/build.make:86: recipe for target 'cmTC_a746a' failed
make[1]: *** [cmTC_a746a] Error 1
make[1]: Leaving directory '/home/chrisliu/桌面/Notes/Vrep/V-Rep_Steeringwheel_tutorial/vrep_ws/src/vrep_pkg/cmake-build-debug/CMakeFiles/CMakeTmp'
Makefile:121: recipe for target 'cmTC_a746a/fast' failed
make: *** [cmTC_a746a/fast] Error 2



